2023-03-28 14:38:08,802 [restartedMain] INFO  com.example.simple.BadmintonApplication       : Starting BadmintonApplication using Java 17.0.3 with PID 8872 (C:\Users\EE212689\Documents\workspace-spring-tool-suite-4-4.15.1.RELEASE\Badminton2\target\classes started by EE212689 in C:\Users\EE212689\Documents\workspace-spring-tool-suite-4-4.15.1.RELEASE\Badminton2)
2023-03-28 14:38:08,814 [restartedMain] INFO  com.example.simple.BadmintonApplication       : No active profile set, falling back to 1 default profile: "default"
2023-03-28 14:38:08,856 [restartedMain] INFO  o.s.b.d.e.DevToolsPropertyDefaultsPostProcessor : Devtools property defaults active! Set 'spring.devtools.add-properties' to 'false' to disable
2023-03-28 14:38:08,856 [restartedMain] INFO  o.s.b.d.e.DevToolsPropertyDefaultsPostProcessor : For additional web related logging consider setting the 'logging.level.web' property to 'DEBUG'
2023-03-28 14:38:09,524 [restartedMain] INFO  o.s.d.r.c.RepositoryConfigurationDelegate     : Multiple Spring Data modules found, entering strict repository configuration mode
2023-03-28 14:38:09,525 [restartedMain] INFO  o.s.d.r.c.RepositoryConfigurationDelegate     : Bootstrapping Spring Data JDBC repositories in DEFAULT mode.
2023-03-28 14:38:09,561 [restartedMain] INFO  o.s.d.r.c.RepositoryConfigurationExtensionSupport : Spring Data JDBC - Could not safely identify store assignment for repository candidate interface com.example.simple.repository.Mathchdetailsrepo; If you want this repository to be a JDBC repository, consider annotating your entities with one of these annotations: org.springframework.data.relational.core.mapping.Table.
2023-03-28 14:38:09,565 [restartedMain] INFO  o.s.d.r.c.RepositoryConfigurationExtensionSupport : Spring Data JDBC - Could not safely identify store assignment for repository candidate interface com.example.simple.repository.Payment_details_repo; If you want this repository to be a JDBC repository, consider annotating your entities with one of these annotations: org.springframework.data.relational.core.mapping.Table.
2023-03-28 14:38:09,569 [restartedMain] INFO  o.s.d.r.c.RepositoryConfigurationExtensionSupport : Spring Data JDBC - Could not safely identify store assignment for repository candidate interface com.example.simple.repository.Player_details_repo; If you want this repository to be a JDBC repository, consider annotating your entities with one of these annotations: org.springframework.data.relational.core.mapping.Table.
2023-03-28 14:38:09,572 [restartedMain] INFO  o.s.d.r.c.RepositoryConfigurationExtensionSupport : Spring Data JDBC - Could not safely identify store assignment for repository candidate interface com.example.simple.repository.UserRepository; If you want this repository to be a JDBC repository, consider annotating your entities with one of these annotations: org.springframework.data.relational.core.mapping.Table.
2023-03-28 14:38:09,573 [restartedMain] INFO  o.s.d.r.c.RepositoryConfigurationDelegate     : Finished Spring Data repository scanning in 43 ms. Found 0 JDBC repository interfaces.
2023-03-28 14:38:09,583 [restartedMain] INFO  o.s.d.r.c.RepositoryConfigurationDelegate     : Multiple Spring Data modules found, entering strict repository configuration mode
2023-03-28 14:38:09,584 [restartedMain] INFO  o.s.d.r.c.RepositoryConfigurationDelegate     : Bootstrapping Spring Data JPA repositories in DEFAULT mode.
2023-03-28 14:38:09,617 [restartedMain] INFO  o.s.d.r.c.RepositoryConfigurationDelegate     : Finished Spring Data repository scanning in 29 ms. Found 4 JPA repository interfaces.
2023-03-28 14:38:09,857 [restartedMain] INFO  o.s.c.s.PostProcessorRegistrationDelegate$BeanPostProcessorChecker : Bean 'org.springframework.ws.config.annotation.DelegatingWsConfiguration' of type [org.springframework.ws.config.annotation.DelegatingWsConfiguration$$SpringCGLIB$$0] is not eligible for getting processed by all BeanPostProcessors (for example: not eligible for auto-proxying)
2023-03-28 14:38:09,894 [restartedMain] INFO  o.s.w.s.a.s.AnnotationActionEndpointMapping   : Supporting [WS-Addressing August 2004, WS-Addressing 1.0]
2023-03-28 14:38:10,213 [restartedMain] INFO  o.s.b.w.embedded.tomcat.TomcatWebServer       : Tomcat initialized with port(s): 8080 (http)
2023-03-28 14:38:10,222 [restartedMain] INFO  o.apache.catalina.core.StandardService        : Starting service [Tomcat]
2023-03-28 14:38:10,223 [restartedMain] INFO  org.apache.catalina.core.StandardEngine       : Starting Servlet engine: [Apache Tomcat/10.1.5]
2023-03-28 14:38:10,354 [restartedMain] INFO  org.apache.jasper.servlet.TldScanner          : At least one JAR was scanned for TLDs yet contained no TLDs. Enable debug logging for this logger for a complete list of JARs that were scanned but no TLDs were found in them. Skipping unneeded JARs during scanning can improve startup time and JSP compilation time.
2023-03-28 14:38:10,358 [restartedMain] INFO  o.a.c.c.C.[Tomcat].[localhost].[/]            : Initializing Spring embedded WebApplicationContext
2023-03-28 14:38:10,358 [restartedMain] INFO  o.s.b.w.s.c.ServletWebServerApplicationContext : Root WebApplicationContext: initialization completed in 1501 ms
2023-03-28 14:38:10,482 [restartedMain] INFO  o.hibernate.jpa.internal.util.LogHelper       : HHH000204: Processing PersistenceUnitInfo [name: default]
2023-03-28 14:38:10,532 [restartedMain] INFO  org.hibernate.Version                         : HHH000412: Hibernate ORM core version 6.1.7.Final
2023-03-28 14:38:10,788 [restartedMain] INFO  com.zaxxer.hikari.HikariDataSource            : HikariPool-1 - Starting...
2023-03-28 14:38:10,895 [restartedMain] INFO  com.zaxxer.hikari.pool.HikariPool             : HikariPool-1 - Added connection com.mysql.cj.jdbc.ConnectionImpl@c4ebfff
2023-03-28 14:38:10,897 [restartedMain] INFO  com.zaxxer.hikari.HikariDataSource            : HikariPool-1 - Start completed.
2023-03-28 14:38:10,950 [restartedMain] WARN  org.hibernate.dialect.Dialect                 : HHH000511: The 5.5.20 version for [org.hibernate.dialect.MySQLDialect] is no longer supported, hence certain features may not work properly. The minimum supported version is 5.7.0. Check the community dialects project for available legacy versions.
2023-03-28 14:38:10,954 [restartedMain] INFO  SQL dialect                                   : HHH000400: Using dialect: org.hibernate.dialect.MySQLDialect
2023-03-28 14:38:11,661 [restartedMain] INFO  o.h.e.t.j.p.i.JtaPlatformInitiator            : HHH000490: Using JtaPlatform implementation: [org.hibernate.engine.transaction.jta.platform.internal.NoJtaPlatform]
2023-03-28 14:38:11,671 [restartedMain] INFO  o.s.o.j.LocalContainerEntityManagerFactoryBean : Initialized JPA EntityManagerFactory for persistence unit 'default'
2023-03-28 14:38:11,993 [restartedMain] WARN  o.s.b.a.o.j.JpaBaseConfiguration$JpaWebConfiguration : spring.jpa.open-in-view is enabled by default. Therefore, database queries may be performed during view rendering. Explicitly configure spring.jpa.open-in-view to disable this warning
2023-03-28 14:38:12,213 [restartedMain] INFO  o.s.s.web.DefaultSecurityFilterChain          : Will secure any request with [org.springframework.security.web.session.DisableEncodeUrlFilter@59e72d0c, org.springframework.security.web.context.request.async.WebAsyncManagerIntegrationFilter@5b0cb92d, org.springframework.security.web.context.SecurityContextHolderFilter@11a20673, org.springframework.security.web.header.HeaderWriterFilter@60ac6d7b, org.springframework.web.filter.CorsFilter@1379f544, org.springframework.security.web.authentication.logout.LogoutFilter@3be90670, org.springframework.security.web.authentication.UsernamePasswordAuthenticationFilter@7a2d0fa7, org.springframework.security.web.authentication.ui.DefaultLoginPageGeneratingFilter@20b371b1, org.springframework.security.web.authentication.ui.DefaultLogoutPageGeneratingFilter@5aecddc2, org.springframework.security.web.savedrequest.RequestCacheAwareFilter@e74983e, org.springframework.security.web.servletapi.SecurityContextHolderAwareRequestFilter@3773438, org.springframework.security.web.authentication.AnonymousAuthenticationFilter@3a8304de, org.springframework.security.web.access.ExceptionTranslationFilter@26c45a75, org.springframework.security.web.access.intercept.AuthorizationFilter@c08861c]
2023-03-28 14:38:12,416 [restartedMain] INFO  o.s.b.d.a.OptionalLiveReloadServer            : LiveReload server is running on port 35729
2023-03-28 14:38:12,481 [restartedMain] INFO  o.s.b.w.embedded.tomcat.TomcatWebServer       : Tomcat started on port(s): 8080 (http) with context path ''
2023-03-28 14:38:12,488 [restartedMain] INFO  com.example.simple.BadmintonApplication       : Started BadmintonApplication in 4.04 seconds (process running for 4.775)
2023-03-28 14:47:49,308 [http-nio-8080-exec-2] INFO  o.a.c.c.C.[Tomcat].[localhost].[/]            : Initializing Spring DispatcherServlet 'dispatcherServlet'
2023-03-28 14:47:49,309 [http-nio-8080-exec-2] INFO  o.s.web.servlet.DispatcherServlet             : Initializing Servlet 'dispatcherServlet'
2023-03-28 14:47:49,312 [http-nio-8080-exec-2] INFO  o.s.web.servlet.DispatcherServlet             : Completed initialization in 2 ms
2023-03-28 14:48:27,848 [http-nio-8080-exec-5] WARN  o.s.w.s.m.s.DefaultHandlerExceptionResolver   : Resolved [org.springframework.web.HttpRequestMethodNotSupportedException: Request method 'POST' is not supported]
2023-03-28 14:48:55,797 [http-nio-8080-exec-6] WARN  o.s.w.s.m.s.DefaultHandlerExceptionResolver   : Resolved [org.springframework.web.HttpRequestMethodNotSupportedException: Request method 'POST' is not supported]
2023-03-28 14:49:25,038 [http-nio-8080-exec-7] INFO  c.example.simple.controller.MatchService      : Its print matchdetails with range
2023-03-28 14:49:53,389 [http-nio-8080-exec-8] INFO  c.example.simple.controller.MatchService      : It print matchdetails
2023-03-28 14:50:23,559 [RMI TCP Connection(23)-127.0.0.1] INFO  o.s.b.a.SpringApplicationAdminMXBeanRegistrar$SpringApplicationAdmin : Application shutdown requested.
2023-03-28 14:50:23,582 [RMI TCP Connection(23)-127.0.0.1] INFO  o.apache.catalina.core.StandardService        : Stopping service [Tomcat]
2023-03-28 14:50:23,583 [RMI TCP Connection(23)-127.0.0.1] INFO  o.a.c.c.C.[Tomcat].[localhost].[/]            : Destroying Spring FrameworkServlet 'dispatcherServlet'
2023-03-28 14:50:23,609 [RMI TCP Connection(23)-127.0.0.1] INFO  o.s.o.j.LocalContainerEntityManagerFactoryBean : Closing JPA EntityManagerFactory for persistence unit 'default'
2023-03-28 14:50:23,613 [RMI TCP Connection(23)-127.0.0.1] INFO  com.zaxxer.hikari.HikariDataSource            : HikariPool-1 - Shutdown initiated...
2023-03-28 14:50:23,622 [RMI TCP Connection(23)-127.0.0.1] INFO  com.zaxxer.hikari.HikariDataSource            : HikariPool-1 - Shutdown completed.
2023-03-28 14:50:34,937 [restartedMain] INFO  com.example.simple.BadmintonApplication       : Starting BadmintonApplication using Java 17.0.3 with PID 15644 (C:\Users\EE212689\Documents\workspace-spring-tool-suite-4-4.15.1.RELEASE\Badminton2\target\classes started by EE212689 in C:\Users\EE212689\Documents\workspace-spring-tool-suite-4-4.15.1.RELEASE\Badminton2)
2023-03-28 14:50:34,939 [restartedMain] INFO  com.example.simple.BadmintonApplication       : No active profile set, falling back to 1 default profile: "default"
2023-03-28 14:50:34,973 [restartedMain] INFO  o.s.b.d.e.DevToolsPropertyDefaultsPostProcessor : Devtools property defaults active! Set 'spring.devtools.add-properties' to 'false' to disable
2023-03-28 14:50:34,973 [restartedMain] INFO  o.s.b.d.e.DevToolsPropertyDefaultsPostProcessor : For additional web related logging consider setting the 'logging.level.web' property to 'DEBUG'
2023-03-28 14:50:35,468 [restartedMain] INFO  o.s.d.r.c.RepositoryConfigurationDelegate     : Multiple Spring Data modules found, entering strict repository configuration mode
2023-03-28 14:50:35,469 [restartedMain] INFO  o.s.d.r.c.RepositoryConfigurationDelegate     : Bootstrapping Spring Data JDBC repositories in DEFAULT mode.
2023-03-28 14:50:35,498 [restartedMain] INFO  o.s.d.r.c.RepositoryConfigurationExtensionSupport : Spring Data JDBC - Could not safely identify store assignment for repository candidate interface com.example.simple.repository.Mathchdetailsrepo; If you want this repository to be a JDBC repository, consider annotating your entities with one of these annotations: org.springframework.data.relational.core.mapping.Table.
2023-03-28 14:50:35,502 [restartedMain] INFO  o.s.d.r.c.RepositoryConfigurationExtensionSupport : Spring Data JDBC - Could not safely identify store assignment for repository candidate interface com.example.simple.repository.Payment_details_repo; If you want this repository to be a JDBC repository, consider annotating your entities with one of these annotations: org.springframework.data.relational.core.mapping.Table.
2023-03-28 14:50:35,505 [restartedMain] INFO  o.s.d.r.c.RepositoryConfigurationExtensionSupport : Spring Data JDBC - Could not safely identify store assignment for repository candidate interface com.example.simple.repository.Player_details_repo; If you want this repository to be a JDBC repository, consider annotating your entities with one of these annotations: org.springframework.data.relational.core.mapping.Table.
2023-03-28 14:50:35,508 [restartedMain] INFO  o.s.d.r.c.RepositoryConfigurationExtensionSupport : Spring Data JDBC - Could not safely identify store assignment for repository candidate interface com.example.simple.repository.UserRepository; If you want this repository to be a JDBC repository, consider annotating your entities with one of these annotations: org.springframework.data.relational.core.mapping.Table.
2023-03-28 14:50:35,510 [restartedMain] INFO  o.s.d.r.c.RepositoryConfigurationDelegate     : Finished Spring Data repository scanning in 37 ms. Found 0 JDBC repository interfaces.
2023-03-28 14:50:35,517 [restartedMain] INFO  o.s.d.r.c.RepositoryConfigurationDelegate     : Multiple Spring Data modules found, entering strict repository configuration mode
2023-03-28 14:50:35,518 [restartedMain] INFO  o.s.d.r.c.RepositoryConfigurationDelegate     : Bootstrapping Spring Data JPA repositories in DEFAULT mode.
2023-03-28 14:50:35,551 [restartedMain] INFO  o.s.d.r.c.RepositoryConfigurationDelegate     : Finished Spring Data repository scanning in 29 ms. Found 4 JPA repository interfaces.
2023-03-28 14:50:35,759 [restartedMain] INFO  o.s.c.s.PostProcessorRegistrationDelegate$BeanPostProcessorChecker : Bean 'org.springframework.ws.config.annotation.DelegatingWsConfiguration' of type [org.springframework.ws.config.annotation.DelegatingWsConfiguration$$SpringCGLIB$$0] is not eligible for getting processed by all BeanPostProcessors (for example: not eligible for auto-proxying)
2023-03-28 14:50:35,791 [restartedMain] INFO  o.s.w.s.a.s.AnnotationActionEndpointMapping   : Supporting [WS-Addressing August 2004, WS-Addressing 1.0]
2023-03-28 14:50:36,062 [restartedMain] INFO  o.s.b.w.embedded.tomcat.TomcatWebServer       : Tomcat initialized with port(s): 8080 (http)
2023-03-28 14:50:36,070 [restartedMain] INFO  o.apache.catalina.core.StandardService        : Starting service [Tomcat]
2023-03-28 14:50:36,071 [restartedMain] INFO  org.apache.catalina.core.StandardEngine       : Starting Servlet engine: [Apache Tomcat/10.1.5]
2023-03-28 14:50:36,194 [restartedMain] INFO  org.apache.jasper.servlet.TldScanner          : At least one JAR was scanned for TLDs yet contained no TLDs. Enable debug logging for this logger for a complete list of JARs that were scanned but no TLDs were found in them. Skipping unneeded JARs during scanning can improve startup time and JSP compilation time.
2023-03-28 14:50:36,198 [restartedMain] INFO  o.a.c.c.C.[Tomcat].[localhost].[/]            : Initializing Spring embedded WebApplicationContext
2023-03-28 14:50:36,199 [restartedMain] INFO  o.s.b.w.s.c.ServletWebServerApplicationContext : Root WebApplicationContext: initialization completed in 1226 ms
2023-03-28 14:50:36,328 [restartedMain] INFO  o.hibernate.jpa.internal.util.LogHelper       : HHH000204: Processing PersistenceUnitInfo [name: default]
2023-03-28 14:50:36,365 [restartedMain] INFO  org.hibernate.Version                         : HHH000412: Hibernate ORM core version 6.1.7.Final
2023-03-28 14:50:36,556 [restartedMain] INFO  com.zaxxer.hikari.HikariDataSource            : HikariPool-1 - Starting...
2023-03-28 14:50:36,666 [restartedMain] INFO  com.zaxxer.hikari.pool.HikariPool             : HikariPool-1 - Added connection com.mysql.cj.jdbc.ConnectionImpl@77ba03b4
2023-03-28 14:50:36,669 [restartedMain] INFO  com.zaxxer.hikari.HikariDataSource            : HikariPool-1 - Start completed.
2023-03-28 14:50:36,714 [restartedMain] WARN  org.hibernate.dialect.Dialect                 : HHH000511: The 5.5.20 version for [org.hibernate.dialect.MySQLDialect] is no longer supported, hence certain features may not work properly. The minimum supported version is 5.7.0. Check the community dialects project for available legacy versions.
2023-03-28 14:50:36,718 [restartedMain] INFO  SQL dialect                                   : HHH000400: Using dialect: org.hibernate.dialect.MySQLDialect
2023-03-28 14:50:37,400 [restartedMain] INFO  o.h.e.t.j.p.i.JtaPlatformInitiator            : HHH000490: Using JtaPlatform implementation: [org.hibernate.engine.transaction.jta.platform.internal.NoJtaPlatform]
2023-03-28 14:50:37,408 [restartedMain] INFO  o.s.o.j.LocalContainerEntityManagerFactoryBean : Initialized JPA EntityManagerFactory for persistence unit 'default'
2023-03-28 14:50:37,715 [restartedMain] WARN  o.s.b.a.o.j.JpaBaseConfiguration$JpaWebConfiguration : spring.jpa.open-in-view is enabled by default. Therefore, database queries may be performed during view rendering. Explicitly configure spring.jpa.open-in-view to disable this warning
2023-03-28 14:50:37,922 [restartedMain] INFO  o.s.s.web.DefaultSecurityFilterChain          : Will secure any request with [org.springframework.security.web.session.DisableEncodeUrlFilter@489dcccd, org.springframework.security.web.context.request.async.WebAsyncManagerIntegrationFilter@6fe5364e, org.springframework.security.web.context.SecurityContextHolderFilter@58b2ffcd, org.springframework.security.web.header.HeaderWriterFilter@77e9290b, org.springframework.web.filter.CorsFilter@6ea16e6f, org.springframework.security.web.authentication.logout.LogoutFilter@8d2b176, org.springframework.security.web.authentication.UsernamePasswordAuthenticationFilter@553e4c3c, org.springframework.security.web.authentication.ui.DefaultLoginPageGeneratingFilter@5d1562c1, org.springframework.security.web.authentication.ui.DefaultLogoutPageGeneratingFilter@477d73e5, org.springframework.security.web.savedrequest.RequestCacheAwareFilter@248fba67, org.springframework.security.web.servletapi.SecurityContextHolderAwareRequestFilter@19a597e, org.springframework.security.web.authentication.AnonymousAuthenticationFilter@61202463, org.springframework.security.web.access.ExceptionTranslationFilter@1a1234e6, org.springframework.security.web.access.intercept.AuthorizationFilter@68cd098c]
2023-03-28 14:50:38,133 [restartedMain] INFO  o.s.b.d.a.OptionalLiveReloadServer            : LiveReload server is running on port 35729
2023-03-28 14:50:38,181 [restartedMain] INFO  o.s.b.w.embedded.tomcat.TomcatWebServer       : Tomcat started on port(s): 8080 (http) with context path ''
2023-03-28 14:50:38,190 [restartedMain] INFO  com.example.simple.BadmintonApplication       : Started BadmintonApplication in 3.577 seconds (process running for 4.338)
2023-03-28 14:50:53,721 [http-nio-8080-exec-1] INFO  o.a.c.c.C.[Tomcat].[localhost].[/]            : Initializing Spring DispatcherServlet 'dispatcherServlet'
2023-03-28 14:50:53,722 [http-nio-8080-exec-1] INFO  o.s.web.servlet.DispatcherServlet             : Initializing Servlet 'dispatcherServlet'
2023-03-28 14:50:53,724 [http-nio-8080-exec-1] INFO  o.s.web.servlet.DispatcherServlet             : Completed initialization in 2 ms
2023-03-28 14:50:53,774 [http-nio-8080-exec-1] INFO  c.example.simple.controller.MatchService      : It print matchdetails
2023-03-28 14:50:59,660 [http-nio-8080-exec-3] INFO  c.example.simple.controller.MatchService      : It print matchdetails
2023-03-28 14:51:06,442 [RMI TCP Connection(9)-127.0.0.1] INFO  o.s.b.a.SpringApplicationAdminMXBeanRegistrar$SpringApplicationAdmin : Application shutdown requested.
2023-03-28 14:51:06,461 [RMI TCP Connection(9)-127.0.0.1] INFO  o.apache.catalina.core.StandardService        : Stopping service [Tomcat]
2023-03-28 14:51:06,462 [RMI TCP Connection(9)-127.0.0.1] INFO  o.a.c.c.C.[Tomcat].[localhost].[/]            : Destroying Spring FrameworkServlet 'dispatcherServlet'
2023-03-28 14:51:06,473 [RMI TCP Connection(9)-127.0.0.1] INFO  o.s.o.j.LocalContainerEntityManagerFactoryBean : Closing JPA EntityManagerFactory for persistence unit 'default'
2023-03-28 14:51:06,475 [RMI TCP Connection(9)-127.0.0.1] INFO  com.zaxxer.hikari.HikariDataSource            : HikariPool-1 - Shutdown initiated...
2023-03-28 14:51:06,482 [RMI TCP Connection(9)-127.0.0.1] INFO  com.zaxxer.hikari.HikariDataSource            : HikariPool-1 - Shutdown completed.
2023-03-28 14:51:16,662 [restartedMain] INFO  com.example.simple.BadmintonApplication       : Starting BadmintonApplication using Java 17.0.3 with PID 16332 (C:\Users\EE212689\Documents\workspace-spring-tool-suite-4-4.15.1.RELEASE\Badminton2\target\classes started by EE212689 in C:\Users\EE212689\Documents\workspace-spring-tool-suite-4-4.15.1.RELEASE\Badminton2)
2023-03-28 14:51:16,665 [restartedMain] INFO  com.example.simple.BadmintonApplication       : No active profile set, falling back to 1 default profile: "default"
2023-03-28 14:51:16,700 [restartedMain] INFO  o.s.b.d.e.DevToolsPropertyDefaultsPostProcessor : Devtools property defaults active! Set 'spring.devtools.add-properties' to 'false' to disable
2023-03-28 14:51:16,700 [restartedMain] INFO  o.s.b.d.e.DevToolsPropertyDefaultsPostProcessor : For additional web related logging consider setting the 'logging.level.web' property to 'DEBUG'
2023-03-28 14:51:17,202 [restartedMain] INFO  o.s.d.r.c.RepositoryConfigurationDelegate     : Multiple Spring Data modules found, entering strict repository configuration mode
2023-03-28 14:51:17,202 [restartedMain] INFO  o.s.d.r.c.RepositoryConfigurationDelegate     : Bootstrapping Spring Data JDBC repositories in DEFAULT mode.
2023-03-28 14:51:17,232 [restartedMain] INFO  o.s.d.r.c.RepositoryConfigurationExtensionSupport : Spring Data JDBC - Could not safely identify store assignment for repository candidate interface com.example.simple.repository.Mathchdetailsrepo; If you want this repository to be a JDBC repository, consider annotating your entities with one of these annotations: org.springframework.data.relational.core.mapping.Table.
2023-03-28 14:51:17,235 [restartedMain] INFO  o.s.d.r.c.RepositoryConfigurationExtensionSupport : Spring Data JDBC - Could not safely identify store assignment for repository candidate interface com.example.simple.repository.Payment_details_repo; If you want this repository to be a JDBC repository, consider annotating your entities with one of these annotations: org.springframework.data.relational.core.mapping.Table.
2023-03-28 14:51:17,239 [restartedMain] INFO  o.s.d.r.c.RepositoryConfigurationExtensionSupport : Spring Data JDBC - Could not safely identify store assignment for repository candidate interface com.example.simple.repository.Player_details_repo; If you want this repository to be a JDBC repository, consider annotating your entities with one of these annotations: org.springframework.data.relational.core.mapping.Table.
2023-03-28 14:51:17,242 [restartedMain] INFO  o.s.d.r.c.RepositoryConfigurationExtensionSupport : Spring Data JDBC - Could not safely identify store assignment for repository candidate interface com.example.simple.repository.UserRepository; If you want this repository to be a JDBC repository, consider annotating your entities with one of these annotations: org.springframework.data.relational.core.mapping.Table.
2023-03-28 14:51:17,242 [restartedMain] INFO  o.s.d.r.c.RepositoryConfigurationDelegate     : Finished Spring Data repository scanning in 34 ms. Found 0 JDBC repository interfaces.
2023-03-28 14:51:17,250 [restartedMain] INFO  o.s.d.r.c.RepositoryConfigurationDelegate     : Multiple Spring Data modules found, entering strict repository configuration mode
2023-03-28 14:51:17,250 [restartedMain] INFO  o.s.d.r.c.RepositoryConfigurationDelegate     : Bootstrapping Spring Data JPA repositories in DEFAULT mode.
2023-03-28 14:51:17,283 [restartedMain] INFO  o.s.d.r.c.RepositoryConfigurationDelegate     : Finished Spring Data repository scanning in 28 ms. Found 4 JPA repository interfaces.
2023-03-28 14:51:17,488 [restartedMain] INFO  o.s.c.s.PostProcessorRegistrationDelegate$BeanPostProcessorChecker : Bean 'org.springframework.ws.config.annotation.DelegatingWsConfiguration' of type [org.springframework.ws.config.annotation.DelegatingWsConfiguration$$SpringCGLIB$$0] is not eligible for getting processed by all BeanPostProcessors (for example: not eligible for auto-proxying)
2023-03-28 14:51:17,516 [restartedMain] INFO  o.s.w.s.a.s.AnnotationActionEndpointMapping   : Supporting [WS-Addressing August 2004, WS-Addressing 1.0]
2023-03-28 14:51:17,788 [restartedMain] INFO  o.s.b.w.embedded.tomcat.TomcatWebServer       : Tomcat initialized with port(s): 8080 (http)
2023-03-28 14:51:17,798 [restartedMain] INFO  o.apache.catalina.core.StandardService        : Starting service [Tomcat]
2023-03-28 14:51:17,799 [restartedMain] INFO  org.apache.catalina.core.StandardEngine       : Starting Servlet engine: [Apache Tomcat/10.1.5]
2023-03-28 14:51:17,909 [restartedMain] INFO  org.apache.jasper.servlet.TldScanner          : At least one JAR was scanned for TLDs yet contained no TLDs. Enable debug logging for this logger for a complete list of JARs that were scanned but no TLDs were found in them. Skipping unneeded JARs during scanning can improve startup time and JSP compilation time.
2023-03-28 14:51:17,921 [restartedMain] INFO  o.a.c.c.C.[Tomcat].[localhost].[/]            : Initializing Spring embedded WebApplicationContext
2023-03-28 14:51:17,921 [restartedMain] INFO  o.s.b.w.s.c.ServletWebServerApplicationContext : Root WebApplicationContext: initialization completed in 1220 ms
2023-03-28 14:51:18,052 [restartedMain] INFO  o.hibernate.jpa.internal.util.LogHelper       : HHH000204: Processing PersistenceUnitInfo [name: default]
2023-03-28 14:51:18,089 [restartedMain] INFO  org.hibernate.Version                         : HHH000412: Hibernate ORM core version 6.1.7.Final
2023-03-28 14:51:18,305 [restartedMain] INFO  com.zaxxer.hikari.HikariDataSource            : HikariPool-1 - Starting...
2023-03-28 14:51:18,423 [restartedMain] INFO  com.zaxxer.hikari.pool.HikariPool             : HikariPool-1 - Added connection com.mysql.cj.jdbc.ConnectionImpl@2444ab3e
2023-03-28 14:51:18,425 [restartedMain] INFO  com.zaxxer.hikari.HikariDataSource            : HikariPool-1 - Start completed.
2023-03-28 14:51:18,465 [restartedMain] WARN  org.hibernate.dialect.Dialect                 : HHH000511: The 5.5.20 version for [org.hibernate.dialect.MySQLDialect] is no longer supported, hence certain features may not work properly. The minimum supported version is 5.7.0. Check the community dialects project for available legacy versions.
2023-03-28 14:51:18,468 [restartedMain] INFO  SQL dialect                                   : HHH000400: Using dialect: org.hibernate.dialect.MySQLDialect
2023-03-28 14:51:19,134 [restartedMain] INFO  o.h.e.t.j.p.i.JtaPlatformInitiator            : HHH000490: Using JtaPlatform implementation: [org.hibernate.engine.transaction.jta.platform.internal.NoJtaPlatform]
2023-03-28 14:51:19,142 [restartedMain] INFO  o.s.o.j.LocalContainerEntityManagerFactoryBean : Initialized JPA EntityManagerFactory for persistence unit 'default'
2023-03-28 14:51:19,454 [restartedMain] WARN  o.s.b.a.o.j.JpaBaseConfiguration$JpaWebConfiguration : spring.jpa.open-in-view is enabled by default. Therefore, database queries may be performed during view rendering. Explicitly configure spring.jpa.open-in-view to disable this warning
2023-03-28 14:51:19,658 [restartedMain] INFO  o.s.s.web.DefaultSecurityFilterChain          : Will secure any request with [org.springframework.security.web.session.DisableEncodeUrlFilter@278a6af8, org.springframework.security.web.context.request.async.WebAsyncManagerIntegrationFilter@6bb40042, org.springframework.security.web.context.SecurityContextHolderFilter@464c2b4f, org.springframework.security.web.header.HeaderWriterFilter@eb1d26a, org.springframework.web.filter.CorsFilter@2bbc4ec2, org.springframework.security.web.authentication.logout.LogoutFilter@481f4c9c, org.springframework.security.web.authentication.UsernamePasswordAuthenticationFilter@4950a457, org.springframework.security.web.authentication.ui.DefaultLoginPageGeneratingFilter@495aba99, org.springframework.security.web.authentication.ui.DefaultLogoutPageGeneratingFilter@669b93c1, org.springframework.security.web.savedrequest.RequestCacheAwareFilter@5be49f96, org.springframework.security.web.servletapi.SecurityContextHolderAwareRequestFilter@b910725, org.springframework.security.web.authentication.AnonymousAuthenticationFilter@1232f840, org.springframework.security.web.access.ExceptionTranslationFilter@7e26d477, org.springframework.security.web.access.intercept.AuthorizationFilter@2e749100]
2023-03-28 14:51:19,859 [restartedMain] INFO  o.s.b.d.a.OptionalLiveReloadServer            : LiveReload server is running on port 35729
2023-03-28 14:51:19,905 [restartedMain] INFO  o.s.b.w.embedded.tomcat.TomcatWebServer       : Tomcat started on port(s): 8080 (http) with context path ''
2023-03-28 14:51:19,913 [restartedMain] INFO  com.example.simple.BadmintonApplication       : Started BadmintonApplication in 3.576 seconds (process running for 4.273)
2023-03-28 14:51:25,115 [http-nio-8080-exec-2] INFO  o.a.c.c.C.[Tomcat].[localhost].[/]            : Initializing Spring DispatcherServlet 'dispatcherServlet'
2023-03-28 14:51:25,116 [http-nio-8080-exec-2] INFO  o.s.web.servlet.DispatcherServlet             : Initializing Servlet 'dispatcherServlet'
2023-03-28 14:51:25,117 [http-nio-8080-exec-2] INFO  o.s.web.servlet.DispatcherServlet             : Completed initialization in 1 ms
2023-03-28 14:51:25,149 [http-nio-8080-exec-2] INFO  c.example.simple.controller.MatchService      : It print matchdetails
2023-03-28 14:52:15,731 [http-nio-8080-exec-3] INFO  c.e.simple.controller.Payment_service         : Entering the findall()
2023-03-28 14:52:23,959 [http-nio-8080-exec-4] TRACE c.e.simple.controller.Payment_service         : Entering the Findall()
2023-03-28 14:53:29,576 [RMI TCP Connection(9)-127.0.0.1] INFO  o.s.b.a.SpringApplicationAdminMXBeanRegistrar$SpringApplicationAdmin : Application shutdown requested.
2023-03-28 14:53:29,591 [RMI TCP Connection(9)-127.0.0.1] INFO  o.apache.catalina.core.StandardService        : Stopping service [Tomcat]
2023-03-28 14:53:29,593 [RMI TCP Connection(9)-127.0.0.1] INFO  o.a.c.c.C.[Tomcat].[localhost].[/]            : Destroying Spring FrameworkServlet 'dispatcherServlet'
2023-03-28 14:53:29,603 [RMI TCP Connection(9)-127.0.0.1] INFO  o.s.o.j.LocalContainerEntityManagerFactoryBean : Closing JPA EntityManagerFactory for persistence unit 'default'
2023-03-28 14:53:29,606 [RMI TCP Connection(9)-127.0.0.1] INFO  com.zaxxer.hikari.HikariDataSource            : HikariPool-1 - Shutdown initiated...
2023-03-28 14:53:29,611 [RMI TCP Connection(9)-127.0.0.1] INFO  com.zaxxer.hikari.HikariDataSource            : HikariPool-1 - Shutdown completed.
2023-03-28 14:53:41,336 [restartedMain] INFO  com.example.simple.BadmintonApplication       : Starting BadmintonApplication using Java 17.0.3 with PID 3840 (C:\Users\EE212689\Documents\workspace-spring-tool-suite-4-4.15.1.RELEASE\Badminton2\target\classes started by EE212689 in C:\Users\EE212689\Documents\workspace-spring-tool-suite-4-4.15.1.RELEASE\Badminton2)
2023-03-28 14:53:41,338 [restartedMain] INFO  com.example.simple.BadmintonApplication       : No active profile set, falling back to 1 default profile: "default"
2023-03-28 14:53:41,375 [restartedMain] INFO  o.s.b.d.e.DevToolsPropertyDefaultsPostProcessor : Devtools property defaults active! Set 'spring.devtools.add-properties' to 'false' to disable
2023-03-28 14:53:41,375 [restartedMain] INFO  o.s.b.d.e.DevToolsPropertyDefaultsPostProcessor : For additional web related logging consider setting the 'logging.level.web' property to 'DEBUG'
2023-03-28 14:53:41,878 [restartedMain] INFO  o.s.d.r.c.RepositoryConfigurationDelegate     : Multiple Spring Data modules found, entering strict repository configuration mode
2023-03-28 14:53:41,879 [restartedMain] INFO  o.s.d.r.c.RepositoryConfigurationDelegate     : Bootstrapping Spring Data JDBC repositories in DEFAULT mode.
2023-03-28 14:53:41,913 [restartedMain] INFO  o.s.d.r.c.RepositoryConfigurationExtensionSupport : Spring Data JDBC - Could not safely identify store assignment for repository candidate interface com.example.simple.repository.Mathchdetailsrepo; If you want this repository to be a JDBC repository, consider annotating your entities with one of these annotations: org.springframework.data.relational.core.mapping.Table.
2023-03-28 14:53:41,917 [restartedMain] INFO  o.s.d.r.c.RepositoryConfigurationExtensionSupport : Spring Data JDBC - Could not safely identify store assignment for repository candidate interface com.example.simple.repository.Payment_details_repo; If you want this repository to be a JDBC repository, consider annotating your entities with one of these annotations: org.springframework.data.relational.core.mapping.Table.
2023-03-28 14:53:41,921 [restartedMain] INFO  o.s.d.r.c.RepositoryConfigurationExtensionSupport : Spring Data JDBC - Could not safely identify store assignment for repository candidate interface com.example.simple.repository.Player_details_repo; If you want this repository to be a JDBC repository, consider annotating your entities with one of these annotations: org.springframework.data.relational.core.mapping.Table.
2023-03-28 14:53:41,925 [restartedMain] INFO  o.s.d.r.c.RepositoryConfigurationExtensionSupport : Spring Data JDBC - Could not safely identify store assignment for repository candidate interface com.example.simple.repository.UserRepository; If you want this repository to be a JDBC repository, consider annotating your entities with one of these annotations: org.springframework.data.relational.core.mapping.Table.
2023-03-28 14:53:41,926 [restartedMain] INFO  o.s.d.r.c.RepositoryConfigurationDelegate     : Finished Spring Data repository scanning in 42 ms. Found 0 JDBC repository interfaces.
2023-03-28 14:53:41,934 [restartedMain] INFO  o.s.d.r.c.RepositoryConfigurationDelegate     : Multiple Spring Data modules found, entering strict repository configuration mode
2023-03-28 14:53:41,934 [restartedMain] INFO  o.s.d.r.c.RepositoryConfigurationDelegate     : Bootstrapping Spring Data JPA repositories in DEFAULT mode.
2023-03-28 14:53:41,967 [restartedMain] INFO  o.s.d.r.c.RepositoryConfigurationDelegate     : Finished Spring Data repository scanning in 29 ms. Found 4 JPA repository interfaces.
2023-03-28 14:53:42,171 [restartedMain] INFO  o.s.c.s.PostProcessorRegistrationDelegate$BeanPostProcessorChecker : Bean 'org.springframework.ws.config.annotation.DelegatingWsConfiguration' of type [org.springframework.ws.config.annotation.DelegatingWsConfiguration$$SpringCGLIB$$0] is not eligible for getting processed by all BeanPostProcessors (for example: not eligible for auto-proxying)
2023-03-28 14:53:42,203 [restartedMain] INFO  o.s.w.s.a.s.AnnotationActionEndpointMapping   : Supporting [WS-Addressing August 2004, WS-Addressing 1.0]
2023-03-28 14:53:42,484 [restartedMain] INFO  o.s.b.w.embedded.tomcat.TomcatWebServer       : Tomcat initialized with port(s): 8080 (http)
2023-03-28 14:53:42,492 [restartedMain] INFO  o.apache.catalina.core.StandardService        : Starting service [Tomcat]
2023-03-28 14:53:42,492 [restartedMain] INFO  org.apache.catalina.core.StandardEngine       : Starting Servlet engine: [Apache Tomcat/10.1.5]
2023-03-28 14:53:42,616 [restartedMain] INFO  org.apache.jasper.servlet.TldScanner          : At least one JAR was scanned for TLDs yet contained no TLDs. Enable debug logging for this logger for a complete list of JARs that were scanned but no TLDs were found in them. Skipping unneeded JARs during scanning can improve startup time and JSP compilation time.
2023-03-28 14:53:42,621 [restartedMain] INFO  o.a.c.c.C.[Tomcat].[localhost].[/]            : Initializing Spring embedded WebApplicationContext
2023-03-28 14:53:42,621 [restartedMain] INFO  o.s.b.w.s.c.ServletWebServerApplicationContext : Root WebApplicationContext: initialization completed in 1245 ms
2023-03-28 14:53:42,767 [restartedMain] INFO  o.hibernate.jpa.internal.util.LogHelper       : HHH000204: Processing PersistenceUnitInfo [name: default]
2023-03-28 14:53:42,808 [restartedMain] INFO  org.hibernate.Version                         : HHH000412: Hibernate ORM core version 6.1.7.Final
2023-03-28 14:53:43,010 [restartedMain] INFO  com.zaxxer.hikari.HikariDataSource            : HikariPool-1 - Starting...
2023-03-28 14:53:43,126 [restartedMain] INFO  com.zaxxer.hikari.pool.HikariPool             : HikariPool-1 - Added connection com.mysql.cj.jdbc.ConnectionImpl@710b53fc
2023-03-28 14:53:43,128 [restartedMain] INFO  com.zaxxer.hikari.HikariDataSource            : HikariPool-1 - Start completed.
2023-03-28 14:53:43,170 [restartedMain] WARN  org.hibernate.dialect.Dialect                 : HHH000511: The 5.5.20 version for [org.hibernate.dialect.MySQLDialect] is no longer supported, hence certain features may not work properly. The minimum supported version is 5.7.0. Check the community dialects project for available legacy versions.
2023-03-28 14:53:43,174 [restartedMain] INFO  SQL dialect                                   : HHH000400: Using dialect: org.hibernate.dialect.MySQLDialect
2023-03-28 14:53:43,857 [restartedMain] INFO  o.h.e.t.j.p.i.JtaPlatformInitiator            : HHH000490: Using JtaPlatform implementation: [org.hibernate.engine.transaction.jta.platform.internal.NoJtaPlatform]
2023-03-28 14:53:43,865 [restartedMain] INFO  o.s.o.j.LocalContainerEntityManagerFactoryBean : Initialized JPA EntityManagerFactory for persistence unit 'default'
2023-03-28 14:53:44,163 [restartedMain] WARN  o.s.b.a.o.j.JpaBaseConfiguration$JpaWebConfiguration : spring.jpa.open-in-view is enabled by default. Therefore, database queries may be performed during view rendering. Explicitly configure spring.jpa.open-in-view to disable this warning
2023-03-28 14:53:44,369 [restartedMain] INFO  o.s.s.web.DefaultSecurityFilterChain          : Will secure any request with [org.springframework.security.web.session.DisableEncodeUrlFilter@57eac960, org.springframework.security.web.context.request.async.WebAsyncManagerIntegrationFilter@48cd069a, org.springframework.security.web.context.SecurityContextHolderFilter@56f5cbb7, org.springframework.security.web.header.HeaderWriterFilter@2671b901, org.springframework.web.filter.CorsFilter@1ff3fa2d, org.springframework.security.web.authentication.logout.LogoutFilter@47788d56, org.springframework.security.web.authentication.UsernamePasswordAuthenticationFilter@2d3ad7a, org.springframework.security.web.authentication.ui.DefaultLoginPageGeneratingFilter@71bff79b, org.springframework.security.web.authentication.ui.DefaultLogoutPageGeneratingFilter@7a48894d, org.springframework.security.web.savedrequest.RequestCacheAwareFilter@42c2cfdd, org.springframework.security.web.servletapi.SecurityContextHolderAwareRequestFilter@b2596be, org.springframework.security.web.authentication.AnonymousAuthenticationFilter@7be8eead, org.springframework.security.web.access.ExceptionTranslationFilter@12650f6c, org.springframework.security.web.access.intercept.AuthorizationFilter@379f922f]
2023-03-28 14:53:44,564 [restartedMain] INFO  o.s.b.d.a.OptionalLiveReloadServer            : LiveReload server is running on port 35729
2023-03-28 14:53:44,618 [restartedMain] INFO  o.s.b.w.embedded.tomcat.TomcatWebServer       : Tomcat started on port(s): 8080 (http) with context path ''
2023-03-28 14:53:44,625 [restartedMain] INFO  com.example.simple.BadmintonApplication       : Started BadmintonApplication in 3.624 seconds (process running for 4.355)
2023-03-28 14:53:49,514 [http-nio-8080-exec-1] INFO  o.a.c.c.C.[Tomcat].[localhost].[/]            : Initializing Spring DispatcherServlet 'dispatcherServlet'
2023-03-28 14:53:49,515 [http-nio-8080-exec-1] INFO  o.s.web.servlet.DispatcherServlet             : Initializing Servlet 'dispatcherServlet'
2023-03-28 14:53:49,516 [http-nio-8080-exec-1] INFO  o.s.web.servlet.DispatcherServlet             : Completed initialization in 1 ms
2023-03-28 14:55:11,944 [http-nio-8080-exec-2] TRACE c.e.simple.controller.Payment_service         : Entering createdata() method
2023-03-28 14:55:11,945 [http-nio-8080-exec-2] DEBUG c.e.simple.controller.Payment_service         : Authenticating Match
2023-03-28 14:55:12,038 [http-nio-8080-exec-2] INFO  c.e.simple.controller.Payment_service         : Successfully created
2023-03-28 14:55:17,223 [http-nio-8080-exec-9] INFO  c.e.simple.controller.Payment_service         : Entering the findall()
2023-03-28 14:55:29,578 [http-nio-8080-exec-2] INFO  c.e.simple.controller.Payment_service         : Entering the findbyphonenumber()
2023-03-28 14:55:37,154 [http-nio-8080-exec-7] INFO  c.example.simple.controller.MatchService      : It print matchdetails
2023-03-28 14:57:42,815 [RMI TCP Connection(12)-127.0.0.1] INFO  o.s.b.a.SpringApplicationAdminMXBeanRegistrar$SpringApplicationAdmin : Application shutdown requested.
2023-03-28 14:57:42,838 [RMI TCP Connection(12)-127.0.0.1] INFO  o.apache.catalina.core.StandardService        : Stopping service [Tomcat]
2023-03-28 14:57:42,839 [RMI TCP Connection(12)-127.0.0.1] INFO  o.a.c.c.C.[Tomcat].[localhost].[/]            : Destroying Spring FrameworkServlet 'dispatcherServlet'
2023-03-28 14:57:42,850 [RMI TCP Connection(12)-127.0.0.1] INFO  o.s.o.j.LocalContainerEntityManagerFactoryBean : Closing JPA EntityManagerFactory for persistence unit 'default'
2023-03-28 14:57:42,852 [RMI TCP Connection(12)-127.0.0.1] INFO  com.zaxxer.hikari.HikariDataSource            : HikariPool-1 - Shutdown initiated...
2023-03-28 14:57:42,861 [RMI TCP Connection(12)-127.0.0.1] INFO  com.zaxxer.hikari.HikariDataSource            : HikariPool-1 - Shutdown completed.
2023-03-28 14:57:45,488 [restartedMain] INFO  com.example.simple.BadmintonApplication       : Starting BadmintonApplication using Java 17.0.3 with PID 6960 (C:\Users\EE212689\Documents\workspace-spring-tool-suite-4-4.15.1.RELEASE\Badminton2\target\classes started by EE212689 in C:\Users\EE212689\Documents\workspace-spring-tool-suite-4-4.15.1.RELEASE\Badminton2)
2023-03-28 14:57:45,490 [restartedMain] INFO  com.example.simple.BadmintonApplication       : No active profile set, falling back to 1 default profile: "default"
2023-03-28 14:57:45,533 [restartedMain] INFO  o.s.b.d.e.DevToolsPropertyDefaultsPostProcessor : Devtools property defaults active! Set 'spring.devtools.add-properties' to 'false' to disable
2023-03-28 14:57:45,534 [restartedMain] INFO  o.s.b.d.e.DevToolsPropertyDefaultsPostProcessor : For additional web related logging consider setting the 'logging.level.web' property to 'DEBUG'
2023-03-28 14:57:46,115 [restartedMain] INFO  o.s.d.r.c.RepositoryConfigurationDelegate     : Multiple Spring Data modules found, entering strict repository configuration mode
2023-03-28 14:57:46,117 [restartedMain] INFO  o.s.d.r.c.RepositoryConfigurationDelegate     : Bootstrapping Spring Data JDBC repositories in DEFAULT mode.
2023-03-28 14:57:46,158 [restartedMain] INFO  o.s.d.r.c.RepositoryConfigurationExtensionSupport : Spring Data JDBC - Could not safely identify store assignment for repository candidate interface com.example.simple.repository.Mathchdetailsrepo; If you want this repository to be a JDBC repository, consider annotating your entities with one of these annotations: org.springframework.data.relational.core.mapping.Table.
2023-03-28 14:57:46,165 [restartedMain] INFO  o.s.d.r.c.RepositoryConfigurationExtensionSupport : Spring Data JDBC - Could not safely identify store assignment for repository candidate interface com.example.simple.repository.Payment_details_repo; If you want this repository to be a JDBC repository, consider annotating your entities with one of these annotations: org.springframework.data.relational.core.mapping.Table.
2023-03-28 14:57:46,171 [restartedMain] INFO  o.s.d.r.c.RepositoryConfigurationExtensionSupport : Spring Data JDBC - Could not safely identify store assignment for repository candidate interface com.example.simple.repository.Player_details_repo; If you want this repository to be a JDBC repository, consider annotating your entities with one of these annotations: org.springframework.data.relational.core.mapping.Table.
2023-03-28 14:57:46,177 [restartedMain] INFO  o.s.d.r.c.RepositoryConfigurationExtensionSupport : Spring Data JDBC - Could not safely identify store assignment for repository candidate interface com.example.simple.repository.UserRepository; If you want this repository to be a JDBC repository, consider annotating your entities with one of these annotations: org.springframework.data.relational.core.mapping.Table.
2023-03-28 14:57:46,177 [restartedMain] INFO  o.s.d.r.c.RepositoryConfigurationDelegate     : Finished Spring Data repository scanning in 56 ms. Found 0 JDBC repository interfaces.
2023-03-28 14:57:46,185 [restartedMain] INFO  o.s.d.r.c.RepositoryConfigurationDelegate     : Multiple Spring Data modules found, entering strict repository configuration mode
2023-03-28 14:57:46,186 [restartedMain] INFO  o.s.d.r.c.RepositoryConfigurationDelegate     : Bootstrapping Spring Data JPA repositories in DEFAULT mode.
2023-03-28 14:57:46,222 [restartedMain] INFO  o.s.d.r.c.RepositoryConfigurationDelegate     : Finished Spring Data repository scanning in 32 ms. Found 4 JPA repository interfaces.
2023-03-28 14:57:46,471 [restartedMain] INFO  o.s.c.s.PostProcessorRegistrationDelegate$BeanPostProcessorChecker : Bean 'org.springframework.ws.config.annotation.DelegatingWsConfiguration' of type [org.springframework.ws.config.annotation.DelegatingWsConfiguration$$SpringCGLIB$$0] is not eligible for getting processed by all BeanPostProcessors (for example: not eligible for auto-proxying)
2023-03-28 14:57:46,509 [restartedMain] INFO  o.s.w.s.a.s.AnnotationActionEndpointMapping   : Supporting [WS-Addressing August 2004, WS-Addressing 1.0]
2023-03-28 14:57:46,811 [restartedMain] INFO  o.s.b.w.embedded.tomcat.TomcatWebServer       : Tomcat initialized with port(s): 8080 (http)
2023-03-28 14:57:46,820 [restartedMain] INFO  o.apache.catalina.core.StandardService        : Starting service [Tomcat]
2023-03-28 14:57:46,821 [restartedMain] INFO  org.apache.catalina.core.StandardEngine       : Starting Servlet engine: [Apache Tomcat/10.1.5]
2023-03-28 14:57:46,948 [restartedMain] INFO  org.apache.jasper.servlet.TldScanner          : At least one JAR was scanned for TLDs yet contained no TLDs. Enable debug logging for this logger for a complete list of JARs that were scanned but no TLDs were found in them. Skipping unneeded JARs during scanning can improve startup time and JSP compilation time.
2023-03-28 14:57:46,952 [restartedMain] INFO  o.a.c.c.C.[Tomcat].[localhost].[/]            : Initializing Spring embedded WebApplicationContext
2023-03-28 14:57:46,953 [restartedMain] INFO  o.s.b.w.s.c.ServletWebServerApplicationContext : Root WebApplicationContext: initialization completed in 1419 ms
2023-03-28 14:57:47,108 [restartedMain] INFO  o.hibernate.jpa.internal.util.LogHelper       : HHH000204: Processing PersistenceUnitInfo [name: default]
2023-03-28 14:57:47,147 [restartedMain] INFO  org.hibernate.Version                         : HHH000412: Hibernate ORM core version 6.1.7.Final
2023-03-28 14:57:47,373 [restartedMain] INFO  com.zaxxer.hikari.HikariDataSource            : HikariPool-1 - Starting...
2023-03-28 14:57:47,528 [restartedMain] INFO  com.zaxxer.hikari.pool.HikariPool             : HikariPool-1 - Added connection com.mysql.cj.jdbc.ConnectionImpl@1c5bd4d9
2023-03-28 14:57:47,529 [restartedMain] INFO  com.zaxxer.hikari.HikariDataSource            : HikariPool-1 - Start completed.
2023-03-28 14:57:47,579 [restartedMain] WARN  org.hibernate.dialect.Dialect                 : HHH000511: The 5.5.20 version for [org.hibernate.dialect.MySQLDialect] is no longer supported, hence certain features may not work properly. The minimum supported version is 5.7.0. Check the community dialects project for available legacy versions.
2023-03-28 14:57:47,584 [restartedMain] INFO  SQL dialect                                   : HHH000400: Using dialect: org.hibernate.dialect.MySQLDialect
2023-03-28 14:57:48,395 [restartedMain] INFO  o.h.e.t.j.p.i.JtaPlatformInitiator            : HHH000490: Using JtaPlatform implementation: [org.hibernate.engine.transaction.jta.platform.internal.NoJtaPlatform]
2023-03-28 14:57:48,407 [restartedMain] INFO  o.s.o.j.LocalContainerEntityManagerFactoryBean : Initialized JPA EntityManagerFactory for persistence unit 'default'
2023-03-28 14:57:48,792 [restartedMain] WARN  o.s.b.a.o.j.JpaBaseConfiguration$JpaWebConfiguration : spring.jpa.open-in-view is enabled by default. Therefore, database queries may be performed during view rendering. Explicitly configure spring.jpa.open-in-view to disable this warning
2023-03-28 14:57:49,043 [restartedMain] INFO  o.s.s.web.DefaultSecurityFilterChain          : Will secure any request with [org.springframework.security.web.session.DisableEncodeUrlFilter@2989fc99, org.springframework.security.web.context.request.async.WebAsyncManagerIntegrationFilter@ee38ff8, org.springframework.security.web.context.SecurityContextHolderFilter@26c13422, org.springframework.security.web.header.HeaderWriterFilter@78f8a819, org.springframework.web.filter.CorsFilter@5524c24d, org.springframework.security.web.authentication.logout.LogoutFilter@2ba1854f, org.springframework.security.web.authentication.UsernamePasswordAuthenticationFilter@10d6f37b, org.springframework.security.web.authentication.ui.DefaultLoginPageGeneratingFilter@11c9837d, org.springframework.security.web.authentication.ui.DefaultLogoutPageGeneratingFilter@65674f40, org.springframework.security.web.savedrequest.RequestCacheAwareFilter@7f7b6a91, org.springframework.security.web.servletapi.SecurityContextHolderAwareRequestFilter@49240d7e, org.springframework.security.web.authentication.AnonymousAuthenticationFilter@3ec0a41, org.springframework.security.web.access.ExceptionTranslationFilter@57b59ba7, org.springframework.security.web.access.intercept.AuthorizationFilter@55d80abc]
2023-03-28 14:57:49,301 [restartedMain] INFO  o.s.b.d.a.OptionalLiveReloadServer            : LiveReload server is running on port 35729
2023-03-28 14:57:49,377 [restartedMain] INFO  o.s.b.w.embedded.tomcat.TomcatWebServer       : Tomcat started on port(s): 8080 (http) with context path ''
2023-03-28 14:57:49,390 [restartedMain] INFO  com.example.simple.BadmintonApplication       : Started BadmintonApplication in 4.297 seconds (process running for 5.089)
2023-03-28 14:57:57,796 [http-nio-8080-exec-1] INFO  o.a.c.c.C.[Tomcat].[localhost].[/]            : Initializing Spring DispatcherServlet 'dispatcherServlet'
2023-03-28 14:57:57,797 [http-nio-8080-exec-1] INFO  o.s.web.servlet.DispatcherServlet             : Initializing Servlet 'dispatcherServlet'
2023-03-28 14:57:57,799 [http-nio-8080-exec-1] INFO  o.s.web.servlet.DispatcherServlet             : Completed initialization in 2 ms
2023-03-28 15:04:39,479 [File Watcher] INFO  o.s.b.d.a.LocalDevToolsAutoConfiguration$RestartingClassPathChangeChangedEventListener : Restarting due to 1 class path change (0 additions, 0 deletions, 1 modification)
2023-03-28 15:04:39,518 [Thread-5] INFO  o.apache.catalina.core.StandardService        : Stopping service [Tomcat]
2023-03-28 15:04:39,520 [Thread-5] INFO  o.a.c.c.C.[Tomcat].[localhost].[/]            : Destroying Spring FrameworkServlet 'dispatcherServlet'
2023-03-28 15:04:39,535 [Thread-5] INFO  o.s.o.j.LocalContainerEntityManagerFactoryBean : Closing JPA EntityManagerFactory for persistence unit 'default'
2023-03-28 15:04:39,539 [Thread-5] INFO  com.zaxxer.hikari.HikariDataSource            : HikariPool-1 - Shutdown initiated...
2023-03-28 15:04:39,545 [Thread-5] INFO  com.zaxxer.hikari.HikariDataSource            : HikariPool-1 - Shutdown completed.
2023-03-28 15:04:39,619 [restartedMain] INFO  com.example.simple.BadmintonApplication       : Starting BadmintonApplication using Java 17.0.3 with PID 6960 (C:\Users\EE212689\Documents\workspace-spring-tool-suite-4-4.15.1.RELEASE\Badminton2\target\classes started by EE212689 in C:\Users\EE212689\Documents\workspace-spring-tool-suite-4-4.15.1.RELEASE\Badminton2)
2023-03-28 15:04:39,619 [restartedMain] INFO  com.example.simple.BadmintonApplication       : No active profile set, falling back to 1 default profile: "default"
2023-03-28 15:04:39,791 [restartedMain] INFO  o.s.d.r.c.RepositoryConfigurationDelegate     : Multiple Spring Data modules found, entering strict repository configuration mode
2023-03-28 15:04:39,791 [restartedMain] INFO  o.s.d.r.c.RepositoryConfigurationDelegate     : Bootstrapping Spring Data JDBC repositories in DEFAULT mode.
2023-03-28 15:04:39,798 [restartedMain] INFO  o.s.d.r.c.RepositoryConfigurationExtensionSupport : Spring Data JDBC - Could not safely identify store assignment for repository candidate interface com.example.simple.repository.Mathchdetailsrepo; If you want this repository to be a JDBC repository, consider annotating your entities with one of these annotations: org.springframework.data.relational.core.mapping.Table.
2023-03-28 15:04:39,801 [restartedMain] INFO  o.s.d.r.c.RepositoryConfigurationExtensionSupport : Spring Data JDBC - Could not safely identify store assignment for repository candidate interface com.example.simple.repository.Payment_details_repo; If you want this repository to be a JDBC repository, consider annotating your entities with one of these annotations: org.springframework.data.relational.core.mapping.Table.
2023-03-28 15:04:39,805 [restartedMain] INFO  o.s.d.r.c.RepositoryConfigurationExtensionSupport : Spring Data JDBC - Could not safely identify store assignment for repository candidate interface com.example.simple.repository.Player_details_repo; If you want this repository to be a JDBC repository, consider annotating your entities with one of these annotations: org.springframework.data.relational.core.mapping.Table.
2023-03-28 15:04:39,808 [restartedMain] INFO  o.s.d.r.c.RepositoryConfigurationExtensionSupport : Spring Data JDBC - Could not safely identify store assignment for repository candidate interface com.example.simple.repository.UserRepository; If you want this repository to be a JDBC repository, consider annotating your entities with one of these annotations: org.springframework.data.relational.core.mapping.Table.
2023-03-28 15:04:39,808 [restartedMain] INFO  o.s.d.r.c.RepositoryConfigurationDelegate     : Finished Spring Data repository scanning in 16 ms. Found 0 JDBC repository interfaces.
2023-03-28 15:04:39,811 [restartedMain] INFO  o.s.d.r.c.RepositoryConfigurationDelegate     : Multiple Spring Data modules found, entering strict repository configuration mode
2023-03-28 15:04:39,811 [restartedMain] INFO  o.s.d.r.c.RepositoryConfigurationDelegate     : Bootstrapping Spring Data JPA repositories in DEFAULT mode.
2023-03-28 15:04:39,824 [restartedMain] INFO  o.s.d.r.c.RepositoryConfigurationDelegate     : Finished Spring Data repository scanning in 13 ms. Found 4 JPA repository interfaces.
2023-03-28 15:04:39,862 [restartedMain] INFO  o.s.c.s.PostProcessorRegistrationDelegate$BeanPostProcessorChecker : Bean 'org.springframework.ws.config.annotation.DelegatingWsConfiguration' of type [org.springframework.ws.config.annotation.DelegatingWsConfiguration$$SpringCGLIB$$0] is not eligible for getting processed by all BeanPostProcessors (for example: not eligible for auto-proxying)
2023-03-28 15:04:39,863 [restartedMain] INFO  o.s.w.s.a.s.AnnotationActionEndpointMapping   : Supporting [WS-Addressing August 2004, WS-Addressing 1.0]
2023-03-28 15:04:39,893 [restartedMain] INFO  o.s.b.w.embedded.tomcat.TomcatWebServer       : Tomcat initialized with port(s): 8080 (http)
2023-03-28 15:04:39,894 [restartedMain] INFO  o.apache.catalina.core.StandardService        : Starting service [Tomcat]
2023-03-28 15:04:39,894 [restartedMain] INFO  org.apache.catalina.core.StandardEngine       : Starting Servlet engine: [Apache Tomcat/10.1.5]
2023-03-28 15:04:39,942 [restartedMain] INFO  org.apache.jasper.servlet.TldScanner          : At least one JAR was scanned for TLDs yet contained no TLDs. Enable debug logging for this logger for a complete list of JARs that were scanned but no TLDs were found in them. Skipping unneeded JARs during scanning can improve startup time and JSP compilation time.
2023-03-28 15:04:39,942 [restartedMain] INFO  o.a.c.c.C.[Tomcat].[localhost].[/]            : Initializing Spring embedded WebApplicationContext
2023-03-28 15:04:39,943 [restartedMain] INFO  o.s.b.w.s.c.ServletWebServerApplicationContext : Root WebApplicationContext: initialization completed in 322 ms
2023-03-28 15:04:39,979 [restartedMain] INFO  o.hibernate.jpa.internal.util.LogHelper       : HHH000204: Processing PersistenceUnitInfo [name: default]
2023-03-28 15:04:39,984 [restartedMain] INFO  com.zaxxer.hikari.HikariDataSource            : HikariPool-2 - Starting...
2023-03-28 15:04:39,987 [restartedMain] INFO  com.zaxxer.hikari.pool.HikariPool             : HikariPool-2 - Added connection com.mysql.cj.jdbc.ConnectionImpl@d65ac7b
2023-03-28 15:04:39,987 [restartedMain] INFO  com.zaxxer.hikari.HikariDataSource            : HikariPool-2 - Start completed.
2023-03-28 15:04:39,988 [restartedMain] WARN  org.hibernate.dialect.Dialect                 : HHH000511: The 5.5.20 version for [org.hibernate.dialect.MySQLDialect] is no longer supported, hence certain features may not work properly. The minimum supported version is 5.7.0. Check the community dialects project for available legacy versions.
2023-03-28 15:04:39,988 [restartedMain] INFO  SQL dialect                                   : HHH000400: Using dialect: org.hibernate.dialect.MySQLDialect
2023-03-28 15:04:40,116 [restartedMain] INFO  o.h.e.t.j.p.i.JtaPlatformInitiator            : HHH000490: Using JtaPlatform implementation: [org.hibernate.engine.transaction.jta.platform.internal.NoJtaPlatform]
2023-03-28 15:04:40,117 [restartedMain] INFO  o.s.o.j.LocalContainerEntityManagerFactoryBean : Initialized JPA EntityManagerFactory for persistence unit 'default'
2023-03-28 15:04:40,229 [restartedMain] WARN  o.s.b.a.o.j.JpaBaseConfiguration$JpaWebConfiguration : spring.jpa.open-in-view is enabled by default. Therefore, database queries may be performed during view rendering. Explicitly configure spring.jpa.open-in-view to disable this warning
2023-03-28 15:04:40,276 [restartedMain] INFO  o.s.s.web.DefaultSecurityFilterChain          : Will secure any request with [org.springframework.security.web.session.DisableEncodeUrlFilter@733d4ae7, org.springframework.security.web.context.request.async.WebAsyncManagerIntegrationFilter@c67b7e1, org.springframework.security.web.context.SecurityContextHolderFilter@58676d43, org.springframework.security.web.header.HeaderWriterFilter@2e99800, org.springframework.web.filter.CorsFilter@2db7788, org.springframework.security.web.authentication.logout.LogoutFilter@4af9d063, org.springframework.security.web.authentication.UsernamePasswordAuthenticationFilter@7502513f, org.springframework.security.web.authentication.ui.DefaultLoginPageGeneratingFilter@1dae6f8b, org.springframework.security.web.authentication.ui.DefaultLogoutPageGeneratingFilter@65375545, org.springframework.security.web.savedrequest.RequestCacheAwareFilter@2aa078e4, org.springframework.security.web.servletapi.SecurityContextHolderAwareRequestFilter@53c9d46a, org.springframework.security.web.authentication.AnonymousAuthenticationFilter@7cc44176, org.springframework.security.web.access.ExceptionTranslationFilter@41fb1f3, org.springframework.security.web.access.intercept.AuthorizationFilter@78aec396]
2023-03-28 15:04:40,326 [restartedMain] INFO  o.s.b.d.a.OptionalLiveReloadServer            : LiveReload server is running on port 35729
2023-03-28 15:04:40,346 [restartedMain] INFO  o.s.b.w.embedded.tomcat.TomcatWebServer       : Tomcat started on port(s): 8080 (http) with context path ''
2023-03-28 15:04:40,350 [restartedMain] INFO  com.example.simple.BadmintonApplication       : Started BadmintonApplication in 0.765 seconds (process running for 416.041)
2023-03-28 15:04:40,352 [restartedMain] INFO  o.s.b.d.a.ConditionEvaluationDeltaLoggingListener : Condition evaluation unchanged
2023-03-28 15:04:45,171 [http-nio-8080-exec-1] INFO  o.a.c.c.C.[Tomcat].[localhost].[/]            : Initializing Spring DispatcherServlet 'dispatcherServlet'
2023-03-28 15:04:45,171 [http-nio-8080-exec-1] INFO  o.s.web.servlet.DispatcherServlet             : Initializing Servlet 'dispatcherServlet'
2023-03-28 15:04:45,173 [http-nio-8080-exec-1] INFO  o.s.web.servlet.DispatcherServlet             : Completed initialization in 2 ms
2023-03-28 15:07:36,302 [File Watcher] INFO  o.s.b.d.a.LocalDevToolsAutoConfiguration$RestartingClassPathChangeChangedEventListener : Restarting due to 1 class path change (0 additions, 0 deletions, 1 modification)
2023-03-28 15:07:36,318 [Thread-7] INFO  o.apache.catalina.core.StandardService        : Stopping service [Tomcat]
2023-03-28 15:07:36,319 [Thread-7] INFO  o.a.c.c.C.[Tomcat].[localhost].[/]            : Destroying Spring FrameworkServlet 'dispatcherServlet'
2023-03-28 15:07:36,325 [Thread-7] INFO  o.s.o.j.LocalContainerEntityManagerFactoryBean : Closing JPA EntityManagerFactory for persistence unit 'default'
2023-03-28 15:07:36,326 [Thread-7] INFO  com.zaxxer.hikari.HikariDataSource            : HikariPool-2 - Shutdown initiated...
2023-03-28 15:07:36,328 [Thread-7] INFO  com.zaxxer.hikari.HikariDataSource            : HikariPool-2 - Shutdown completed.
2023-03-28 15:07:36,395 [restartedMain] INFO  com.example.simple.BadmintonApplication       : Starting BadmintonApplication using Java 17.0.3 with PID 6960 (C:\Users\EE212689\Documents\workspace-spring-tool-suite-4-4.15.1.RELEASE\Badminton2\target\classes started by EE212689 in C:\Users\EE212689\Documents\workspace-spring-tool-suite-4-4.15.1.RELEASE\Badminton2)
2023-03-28 15:07:36,396 [restartedMain] INFO  com.example.simple.BadmintonApplication       : No active profile set, falling back to 1 default profile: "default"
2023-03-28 15:07:36,535 [restartedMain] INFO  o.s.d.r.c.RepositoryConfigurationDelegate     : Multiple Spring Data modules found, entering strict repository configuration mode
2023-03-28 15:07:36,535 [restartedMain] INFO  o.s.d.r.c.RepositoryConfigurationDelegate     : Bootstrapping Spring Data JDBC repositories in DEFAULT mode.
2023-03-28 15:07:36,541 [restartedMain] INFO  o.s.d.r.c.RepositoryConfigurationExtensionSupport : Spring Data JDBC - Could not safely identify store assignment for repository candidate interface com.example.simple.repository.Mathchdetailsrepo; If you want this repository to be a JDBC repository, consider annotating your entities with one of these annotations: org.springframework.data.relational.core.mapping.Table.
2023-03-28 15:07:36,545 [restartedMain] INFO  o.s.d.r.c.RepositoryConfigurationExtensionSupport : Spring Data JDBC - Could not safely identify store assignment for repository candidate interface com.example.simple.repository.Payment_details_repo; If you want this repository to be a JDBC repository, consider annotating your entities with one of these annotations: org.springframework.data.relational.core.mapping.Table.
2023-03-28 15:07:36,548 [restartedMain] INFO  o.s.d.r.c.RepositoryConfigurationExtensionSupport : Spring Data JDBC - Could not safely identify store assignment for repository candidate interface com.example.simple.repository.Player_details_repo; If you want this repository to be a JDBC repository, consider annotating your entities with one of these annotations: org.springframework.data.relational.core.mapping.Table.
2023-03-28 15:07:36,551 [restartedMain] INFO  o.s.d.r.c.RepositoryConfigurationExtensionSupport : Spring Data JDBC - Could not safely identify store assignment for repository candidate interface com.example.simple.repository.UserRepository; If you want this repository to be a JDBC repository, consider annotating your entities with one of these annotations: org.springframework.data.relational.core.mapping.Table.
2023-03-28 15:07:36,551 [restartedMain] INFO  o.s.d.r.c.RepositoryConfigurationDelegate     : Finished Spring Data repository scanning in 16 ms. Found 0 JDBC repository interfaces.
2023-03-28 15:07:36,554 [restartedMain] INFO  o.s.d.r.c.RepositoryConfigurationDelegate     : Multiple Spring Data modules found, entering strict repository configuration mode
2023-03-28 15:07:36,554 [restartedMain] INFO  o.s.d.r.c.RepositoryConfigurationDelegate     : Bootstrapping Spring Data JPA repositories in DEFAULT mode.
2023-03-28 15:07:36,566 [restartedMain] INFO  o.s.d.r.c.RepositoryConfigurationDelegate     : Finished Spring Data repository scanning in 11 ms. Found 4 JPA repository interfaces.
2023-03-28 15:07:36,596 [restartedMain] INFO  o.s.c.s.PostProcessorRegistrationDelegate$BeanPostProcessorChecker : Bean 'org.springframework.ws.config.annotation.DelegatingWsConfiguration' of type [org.springframework.ws.config.annotation.DelegatingWsConfiguration$$SpringCGLIB$$0] is not eligible for getting processed by all BeanPostProcessors (for example: not eligible for auto-proxying)
2023-03-28 15:07:36,597 [restartedMain] INFO  o.s.w.s.a.s.AnnotationActionEndpointMapping   : Supporting [WS-Addressing August 2004, WS-Addressing 1.0]
2023-03-28 15:07:36,620 [restartedMain] INFO  o.s.b.w.embedded.tomcat.TomcatWebServer       : Tomcat initialized with port(s): 8080 (http)
2023-03-28 15:07:36,621 [restartedMain] INFO  o.apache.catalina.core.StandardService        : Starting service [Tomcat]
2023-03-28 15:07:36,621 [restartedMain] INFO  org.apache.catalina.core.StandardEngine       : Starting Servlet engine: [Apache Tomcat/10.1.5]
2023-03-28 15:07:36,670 [restartedMain] INFO  org.apache.jasper.servlet.TldScanner          : At least one JAR was scanned for TLDs yet contained no TLDs. Enable debug logging for this logger for a complete list of JARs that were scanned but no TLDs were found in them. Skipping unneeded JARs during scanning can improve startup time and JSP compilation time.
2023-03-28 15:07:36,670 [restartedMain] INFO  o.a.c.c.C.[Tomcat].[localhost].[/]            : Initializing Spring embedded WebApplicationContext
2023-03-28 15:07:36,670 [restartedMain] INFO  o.s.b.w.s.c.ServletWebServerApplicationContext : Root WebApplicationContext: initialization completed in 273 ms
2023-03-28 15:07:36,701 [restartedMain] INFO  o.hibernate.jpa.internal.util.LogHelper       : HHH000204: Processing PersistenceUnitInfo [name: default]
2023-03-28 15:07:36,705 [restartedMain] INFO  com.zaxxer.hikari.HikariDataSource            : HikariPool-3 - Starting...
2023-03-28 15:07:36,707 [restartedMain] INFO  com.zaxxer.hikari.pool.HikariPool             : HikariPool-3 - Added connection com.mysql.cj.jdbc.ConnectionImpl@63bdcc4e
2023-03-28 15:07:36,707 [restartedMain] INFO  com.zaxxer.hikari.HikariDataSource            : HikariPool-3 - Start completed.
2023-03-28 15:07:36,708 [restartedMain] WARN  org.hibernate.dialect.Dialect                 : HHH000511: The 5.5.20 version for [org.hibernate.dialect.MySQLDialect] is no longer supported, hence certain features may not work properly. The minimum supported version is 5.7.0. Check the community dialects project for available legacy versions.
2023-03-28 15:07:36,709 [restartedMain] INFO  SQL dialect                                   : HHH000400: Using dialect: org.hibernate.dialect.MySQLDialect
2023-03-28 15:07:36,829 [restartedMain] INFO  o.h.e.t.j.p.i.JtaPlatformInitiator            : HHH000490: Using JtaPlatform implementation: [org.hibernate.engine.transaction.jta.platform.internal.NoJtaPlatform]
2023-03-28 15:07:36,829 [restartedMain] INFO  o.s.o.j.LocalContainerEntityManagerFactoryBean : Initialized JPA EntityManagerFactory for persistence unit 'default'
2023-03-28 15:07:36,921 [restartedMain] WARN  o.s.b.a.o.j.JpaBaseConfiguration$JpaWebConfiguration : spring.jpa.open-in-view is enabled by default. Therefore, database queries may be performed during view rendering. Explicitly configure spring.jpa.open-in-view to disable this warning
2023-03-28 15:07:36,962 [restartedMain] INFO  o.s.s.web.DefaultSecurityFilterChain          : Will secure any request with [org.springframework.security.web.session.DisableEncodeUrlFilter@6dade75e, org.springframework.security.web.context.request.async.WebAsyncManagerIntegrationFilter@57408d72, org.springframework.security.web.context.SecurityContextHolderFilter@4af7eda4, org.springframework.security.web.header.HeaderWriterFilter@331c9823, org.springframework.web.filter.CorsFilter@35b8cd5d, org.springframework.security.web.authentication.logout.LogoutFilter@342b7c02, org.springframework.security.web.authentication.UsernamePasswordAuthenticationFilter@2895061, org.springframework.security.web.authentication.ui.DefaultLoginPageGeneratingFilter@443f19ed, org.springframework.security.web.authentication.ui.DefaultLogoutPageGeneratingFilter@7d7a99d3, org.springframework.security.web.savedrequest.RequestCacheAwareFilter@4da90af9, org.springframework.security.web.servletapi.SecurityContextHolderAwareRequestFilter@13b55638, org.springframework.security.web.authentication.AnonymousAuthenticationFilter@7fef0635, org.springframework.security.web.access.ExceptionTranslationFilter@32bd8fe3, org.springframework.security.web.access.intercept.AuthorizationFilter@31da6817]
2023-03-28 15:07:36,998 [restartedMain] INFO  o.s.b.d.a.OptionalLiveReloadServer            : LiveReload server is running on port 35729
2023-03-28 15:07:37,012 [restartedMain] INFO  o.s.b.w.embedded.tomcat.TomcatWebServer       : Tomcat started on port(s): 8080 (http) with context path ''
2023-03-28 15:07:37,016 [restartedMain] INFO  com.example.simple.BadmintonApplication       : Started BadmintonApplication in 0.647 seconds (process running for 592.704)
2023-03-28 15:07:37,018 [restartedMain] INFO  o.s.b.d.a.ConditionEvaluationDeltaLoggingListener : Condition evaluation unchanged
2023-03-28 15:07:45,031 [http-nio-8080-exec-2] INFO  o.a.c.c.C.[Tomcat].[localhost].[/]            : Initializing Spring DispatcherServlet 'dispatcherServlet'
2023-03-28 15:07:45,031 [http-nio-8080-exec-2] INFO  o.s.web.servlet.DispatcherServlet             : Initializing Servlet 'dispatcherServlet'
2023-03-28 15:07:45,033 [http-nio-8080-exec-2] INFO  o.s.web.servlet.DispatcherServlet             : Completed initialization in 1 ms
2023-03-28 15:08:52,396 [File Watcher] INFO  o.s.b.d.a.LocalDevToolsAutoConfiguration$RestartingClassPathChangeChangedEventListener : Restarting due to 1 class path change (0 additions, 0 deletions, 1 modification)
2023-03-28 15:08:52,427 [Thread-11] INFO  o.apache.catalina.core.StandardService        : Stopping service [Tomcat]
2023-03-28 15:08:52,428 [Thread-11] INFO  o.a.c.c.C.[Tomcat].[localhost].[/]            : Destroying Spring FrameworkServlet 'dispatcherServlet'
2023-03-28 15:08:52,434 [Thread-11] INFO  o.s.o.j.LocalContainerEntityManagerFactoryBean : Closing JPA EntityManagerFactory for persistence unit 'default'
2023-03-28 15:08:52,434 [Thread-11] INFO  com.zaxxer.hikari.HikariDataSource            : HikariPool-3 - Shutdown initiated...
2023-03-28 15:08:52,436 [Thread-11] INFO  com.zaxxer.hikari.HikariDataSource            : HikariPool-3 - Shutdown completed.
2023-03-28 15:08:52,517 [restartedMain] INFO  com.example.simple.BadmintonApplication       : Starting BadmintonApplication using Java 17.0.3 with PID 6960 (C:\Users\EE212689\Documents\workspace-spring-tool-suite-4-4.15.1.RELEASE\Badminton2\target\classes started by EE212689 in C:\Users\EE212689\Documents\workspace-spring-tool-suite-4-4.15.1.RELEASE\Badminton2)
2023-03-28 15:08:52,517 [restartedMain] INFO  com.example.simple.BadmintonApplication       : No active profile set, falling back to 1 default profile: "default"
2023-03-28 15:08:52,683 [restartedMain] INFO  o.s.d.r.c.RepositoryConfigurationDelegate     : Multiple Spring Data modules found, entering strict repository configuration mode
2023-03-28 15:08:52,683 [restartedMain] INFO  o.s.d.r.c.RepositoryConfigurationDelegate     : Bootstrapping Spring Data JDBC repositories in DEFAULT mode.
2023-03-28 15:08:52,690 [restartedMain] INFO  o.s.d.r.c.RepositoryConfigurationExtensionSupport : Spring Data JDBC - Could not safely identify store assignment for repository candidate interface com.example.simple.repository.Mathchdetailsrepo; If you want this repository to be a JDBC repository, consider annotating your entities with one of these annotations: org.springframework.data.relational.core.mapping.Table.
2023-03-28 15:08:52,694 [restartedMain] INFO  o.s.d.r.c.RepositoryConfigurationExtensionSupport : Spring Data JDBC - Could not safely identify store assignment for repository candidate interface com.example.simple.repository.Payment_details_repo; If you want this repository to be a JDBC repository, consider annotating your entities with one of these annotations: org.springframework.data.relational.core.mapping.Table.
2023-03-28 15:08:52,698 [restartedMain] INFO  o.s.d.r.c.RepositoryConfigurationExtensionSupport : Spring Data JDBC - Could not safely identify store assignment for repository candidate interface com.example.simple.repository.Player_details_repo; If you want this repository to be a JDBC repository, consider annotating your entities with one of these annotations: org.springframework.data.relational.core.mapping.Table.
2023-03-28 15:08:52,702 [restartedMain] INFO  o.s.d.r.c.RepositoryConfigurationExtensionSupport : Spring Data JDBC - Could not safely identify store assignment for repository candidate interface com.example.simple.repository.UserRepository; If you want this repository to be a JDBC repository, consider annotating your entities with one of these annotations: org.springframework.data.relational.core.mapping.Table.
2023-03-28 15:08:52,702 [restartedMain] INFO  o.s.d.r.c.RepositoryConfigurationDelegate     : Finished Spring Data repository scanning in 18 ms. Found 0 JDBC repository interfaces.
2023-03-28 15:08:52,704 [restartedMain] INFO  o.s.d.r.c.RepositoryConfigurationDelegate     : Multiple Spring Data modules found, entering strict repository configuration mode
2023-03-28 15:08:52,704 [restartedMain] INFO  o.s.d.r.c.RepositoryConfigurationDelegate     : Bootstrapping Spring Data JPA repositories in DEFAULT mode.
2023-03-28 15:08:52,719 [restartedMain] INFO  o.s.d.r.c.RepositoryConfigurationDelegate     : Finished Spring Data repository scanning in 14 ms. Found 4 JPA repository interfaces.
2023-03-28 15:08:52,752 [restartedMain] INFO  o.s.c.s.PostProcessorRegistrationDelegate$BeanPostProcessorChecker : Bean 'org.springframework.ws.config.annotation.DelegatingWsConfiguration' of type [org.springframework.ws.config.annotation.DelegatingWsConfiguration$$SpringCGLIB$$0] is not eligible for getting processed by all BeanPostProcessors (for example: not eligible for auto-proxying)
2023-03-28 15:08:52,753 [restartedMain] INFO  o.s.w.s.a.s.AnnotationActionEndpointMapping   : Supporting [WS-Addressing August 2004, WS-Addressing 1.0]
2023-03-28 15:08:52,785 [restartedMain] INFO  o.s.b.w.embedded.tomcat.TomcatWebServer       : Tomcat initialized with port(s): 8080 (http)
2023-03-28 15:08:52,787 [restartedMain] INFO  o.apache.catalina.core.StandardService        : Starting service [Tomcat]
2023-03-28 15:08:52,787 [restartedMain] INFO  org.apache.catalina.core.StandardEngine       : Starting Servlet engine: [Apache Tomcat/10.1.5]
2023-03-28 15:08:52,841 [restartedMain] INFO  org.apache.jasper.servlet.TldScanner          : At least one JAR was scanned for TLDs yet contained no TLDs. Enable debug logging for this logger for a complete list of JARs that were scanned but no TLDs were found in them. Skipping unneeded JARs during scanning can improve startup time and JSP compilation time.
2023-03-28 15:08:52,841 [restartedMain] INFO  o.a.c.c.C.[Tomcat].[localhost].[/]            : Initializing Spring embedded WebApplicationContext
2023-03-28 15:08:52,841 [restartedMain] INFO  o.s.b.w.s.c.ServletWebServerApplicationContext : Root WebApplicationContext: initialization completed in 322 ms
2023-03-28 15:08:52,880 [restartedMain] INFO  o.hibernate.jpa.internal.util.LogHelper       : HHH000204: Processing PersistenceUnitInfo [name: default]
2023-03-28 15:08:52,885 [restartedMain] INFO  com.zaxxer.hikari.HikariDataSource            : HikariPool-4 - Starting...
2023-03-28 15:08:52,888 [restartedMain] INFO  com.zaxxer.hikari.pool.HikariPool             : HikariPool-4 - Added connection com.mysql.cj.jdbc.ConnectionImpl@403ef58
2023-03-28 15:08:52,889 [restartedMain] INFO  com.zaxxer.hikari.HikariDataSource            : HikariPool-4 - Start completed.
2023-03-28 15:08:52,889 [restartedMain] WARN  org.hibernate.dialect.Dialect                 : HHH000511: The 5.5.20 version for [org.hibernate.dialect.MySQLDialect] is no longer supported, hence certain features may not work properly. The minimum supported version is 5.7.0. Check the community dialects project for available legacy versions.
2023-03-28 15:08:52,889 [restartedMain] INFO  SQL dialect                                   : HHH000400: Using dialect: org.hibernate.dialect.MySQLDialect
2023-03-28 15:08:53,000 [restartedMain] INFO  o.h.e.t.j.p.i.JtaPlatformInitiator            : HHH000490: Using JtaPlatform implementation: [org.hibernate.engine.transaction.jta.platform.internal.NoJtaPlatform]
2023-03-28 15:08:53,000 [restartedMain] INFO  o.s.o.j.LocalContainerEntityManagerFactoryBean : Initialized JPA EntityManagerFactory for persistence unit 'default'
2023-03-28 15:08:53,095 [restartedMain] WARN  o.s.b.a.o.j.JpaBaseConfiguration$JpaWebConfiguration : spring.jpa.open-in-view is enabled by default. Therefore, database queries may be performed during view rendering. Explicitly configure spring.jpa.open-in-view to disable this warning
2023-03-28 15:08:53,139 [restartedMain] INFO  o.s.s.web.DefaultSecurityFilterChain          : Will secure any request with [org.springframework.security.web.session.DisableEncodeUrlFilter@1920b254, org.springframework.security.web.context.request.async.WebAsyncManagerIntegrationFilter@48802c81, org.springframework.security.web.context.SecurityContextHolderFilter@1ae158a, org.springframework.security.web.header.HeaderWriterFilter@603052b7, org.springframework.web.filter.CorsFilter@7c48b3ec, org.springframework.security.web.authentication.logout.LogoutFilter@2aa436f7, org.springframework.security.web.authentication.UsernamePasswordAuthenticationFilter@12b82d7a, org.springframework.security.web.authentication.ui.DefaultLoginPageGeneratingFilter@4b0807df, org.springframework.security.web.authentication.ui.DefaultLogoutPageGeneratingFilter@2f4892e2, org.springframework.security.web.savedrequest.RequestCacheAwareFilter@1670c7fe, org.springframework.security.web.servletapi.SecurityContextHolderAwareRequestFilter@29cf4dbb, org.springframework.security.web.authentication.AnonymousAuthenticationFilter@3366274d, org.springframework.security.web.access.ExceptionTranslationFilter@1f041083, org.springframework.security.web.access.intercept.AuthorizationFilter@7268c287]
2023-03-28 15:08:53,178 [restartedMain] INFO  o.s.b.d.a.OptionalLiveReloadServer            : LiveReload server is running on port 35729
2023-03-28 15:08:53,190 [restartedMain] INFO  o.s.b.w.embedded.tomcat.TomcatWebServer       : Tomcat started on port(s): 8080 (http) with context path ''
2023-03-28 15:08:53,195 [restartedMain] INFO  com.example.simple.BadmintonApplication       : Started BadmintonApplication in 0.712 seconds (process running for 668.882)
2023-03-28 15:08:53,197 [restartedMain] INFO  o.s.b.d.a.ConditionEvaluationDeltaLoggingListener : Condition evaluation unchanged
2023-03-28 15:09:05,357 [http-nio-8080-exec-1] INFO  o.a.c.c.C.[Tomcat].[localhost].[/]            : Initializing Spring DispatcherServlet 'dispatcherServlet'
2023-03-28 15:09:05,357 [http-nio-8080-exec-1] INFO  o.s.web.servlet.DispatcherServlet             : Initializing Servlet 'dispatcherServlet'
2023-03-28 15:09:05,358 [http-nio-8080-exec-1] INFO  o.s.web.servlet.DispatcherServlet             : Completed initialization in 1 ms
2023-03-28 15:12:19,217 [File Watcher] INFO  o.s.b.d.a.LocalDevToolsAutoConfiguration$RestartingClassPathChangeChangedEventListener : Restarting due to 1 class path change (0 additions, 0 deletions, 1 modification)
2023-03-28 15:12:19,234 [Thread-15] INFO  o.apache.catalina.core.StandardService        : Stopping service [Tomcat]
2023-03-28 15:12:19,234 [Thread-15] INFO  o.a.c.c.C.[Tomcat].[localhost].[/]            : Destroying Spring FrameworkServlet 'dispatcherServlet'
2023-03-28 15:12:19,239 [Thread-15] INFO  o.s.o.j.LocalContainerEntityManagerFactoryBean : Closing JPA EntityManagerFactory for persistence unit 'default'
2023-03-28 15:12:19,240 [Thread-15] INFO  com.zaxxer.hikari.HikariDataSource            : HikariPool-4 - Shutdown initiated...
2023-03-28 15:12:19,242 [Thread-15] INFO  com.zaxxer.hikari.HikariDataSource            : HikariPool-4 - Shutdown completed.
2023-03-28 15:12:19,312 [restartedMain] INFO  com.example.simple.BadmintonApplication       : Starting BadmintonApplication using Java 17.0.3 with PID 6960 (C:\Users\EE212689\Documents\workspace-spring-tool-suite-4-4.15.1.RELEASE\Badminton2\target\classes started by EE212689 in C:\Users\EE212689\Documents\workspace-spring-tool-suite-4-4.15.1.RELEASE\Badminton2)
2023-03-28 15:12:19,312 [restartedMain] INFO  com.example.simple.BadmintonApplication       : No active profile set, falling back to 1 default profile: "default"
2023-03-28 15:12:19,468 [restartedMain] INFO  o.s.d.r.c.RepositoryConfigurationDelegate     : Multiple Spring Data modules found, entering strict repository configuration mode
2023-03-28 15:12:19,468 [restartedMain] INFO  o.s.d.r.c.RepositoryConfigurationDelegate     : Bootstrapping Spring Data JDBC repositories in DEFAULT mode.
2023-03-28 15:12:19,476 [restartedMain] INFO  o.s.d.r.c.RepositoryConfigurationExtensionSupport : Spring Data JDBC - Could not safely identify store assignment for repository candidate interface com.example.simple.repository.Mathchdetailsrepo; If you want this repository to be a JDBC repository, consider annotating your entities with one of these annotations: org.springframework.data.relational.core.mapping.Table.
2023-03-28 15:12:19,479 [restartedMain] INFO  o.s.d.r.c.RepositoryConfigurationExtensionSupport : Spring Data JDBC - Could not safely identify store assignment for repository candidate interface com.example.simple.repository.Payment_details_repo; If you want this repository to be a JDBC repository, consider annotating your entities with one of these annotations: org.springframework.data.relational.core.mapping.Table.
2023-03-28 15:12:19,482 [restartedMain] INFO  o.s.d.r.c.RepositoryConfigurationExtensionSupport : Spring Data JDBC - Could not safely identify store assignment for repository candidate interface com.example.simple.repository.Player_details_repo; If you want this repository to be a JDBC repository, consider annotating your entities with one of these annotations: org.springframework.data.relational.core.mapping.Table.
2023-03-28 15:12:19,485 [restartedMain] INFO  o.s.d.r.c.RepositoryConfigurationExtensionSupport : Spring Data JDBC - Could not safely identify store assignment for repository candidate interface com.example.simple.repository.UserRepository; If you want this repository to be a JDBC repository, consider annotating your entities with one of these annotations: org.springframework.data.relational.core.mapping.Table.
2023-03-28 15:12:19,485 [restartedMain] INFO  o.s.d.r.c.RepositoryConfigurationDelegate     : Finished Spring Data repository scanning in 16 ms. Found 0 JDBC repository interfaces.
2023-03-28 15:12:19,487 [restartedMain] INFO  o.s.d.r.c.RepositoryConfigurationDelegate     : Multiple Spring Data modules found, entering strict repository configuration mode
2023-03-28 15:12:19,487 [restartedMain] INFO  o.s.d.r.c.RepositoryConfigurationDelegate     : Bootstrapping Spring Data JPA repositories in DEFAULT mode.
2023-03-28 15:12:19,502 [restartedMain] INFO  o.s.d.r.c.RepositoryConfigurationDelegate     : Finished Spring Data repository scanning in 15 ms. Found 4 JPA repository interfaces.
2023-03-28 15:12:19,538 [restartedMain] INFO  o.s.c.s.PostProcessorRegistrationDelegate$BeanPostProcessorChecker : Bean 'org.springframework.ws.config.annotation.DelegatingWsConfiguration' of type [org.springframework.ws.config.annotation.DelegatingWsConfiguration$$SpringCGLIB$$0] is not eligible for getting processed by all BeanPostProcessors (for example: not eligible for auto-proxying)
2023-03-28 15:12:19,540 [restartedMain] INFO  o.s.w.s.a.s.AnnotationActionEndpointMapping   : Supporting [WS-Addressing August 2004, WS-Addressing 1.0]
2023-03-28 15:12:19,568 [restartedMain] INFO  o.s.b.w.embedded.tomcat.TomcatWebServer       : Tomcat initialized with port(s): 8080 (http)
2023-03-28 15:12:19,569 [restartedMain] INFO  o.apache.catalina.core.StandardService        : Starting service [Tomcat]
2023-03-28 15:12:19,569 [restartedMain] INFO  org.apache.catalina.core.StandardEngine       : Starting Servlet engine: [Apache Tomcat/10.1.5]
2023-03-28 15:12:19,615 [restartedMain] INFO  org.apache.jasper.servlet.TldScanner          : At least one JAR was scanned for TLDs yet contained no TLDs. Enable debug logging for this logger for a complete list of JARs that were scanned but no TLDs were found in them. Skipping unneeded JARs during scanning can improve startup time and JSP compilation time.
2023-03-28 15:12:19,616 [restartedMain] INFO  o.a.c.c.C.[Tomcat].[localhost].[/]            : Initializing Spring embedded WebApplicationContext
2023-03-28 15:12:19,617 [restartedMain] INFO  o.s.b.w.s.c.ServletWebServerApplicationContext : Root WebApplicationContext: initialization completed in 302 ms
2023-03-28 15:12:19,648 [restartedMain] INFO  o.hibernate.jpa.internal.util.LogHelper       : HHH000204: Processing PersistenceUnitInfo [name: default]
2023-03-28 15:12:19,653 [restartedMain] INFO  com.zaxxer.hikari.HikariDataSource            : HikariPool-5 - Starting...
2023-03-28 15:12:19,656 [restartedMain] INFO  com.zaxxer.hikari.pool.HikariPool             : HikariPool-5 - Added connection com.mysql.cj.jdbc.ConnectionImpl@5fa80ce4
2023-03-28 15:12:19,656 [restartedMain] INFO  com.zaxxer.hikari.HikariDataSource            : HikariPool-5 - Start completed.
2023-03-28 15:12:19,657 [restartedMain] WARN  org.hibernate.dialect.Dialect                 : HHH000511: The 5.5.20 version for [org.hibernate.dialect.MySQLDialect] is no longer supported, hence certain features may not work properly. The minimum supported version is 5.7.0. Check the community dialects project for available legacy versions.
2023-03-28 15:12:19,657 [restartedMain] INFO  SQL dialect                                   : HHH000400: Using dialect: org.hibernate.dialect.MySQLDialect
2023-03-28 15:12:19,757 [restartedMain] INFO  o.h.e.t.j.p.i.JtaPlatformInitiator            : HHH000490: Using JtaPlatform implementation: [org.hibernate.engine.transaction.jta.platform.internal.NoJtaPlatform]
2023-03-28 15:12:19,758 [restartedMain] INFO  o.s.o.j.LocalContainerEntityManagerFactoryBean : Initialized JPA EntityManagerFactory for persistence unit 'default'
2023-03-28 15:12:19,868 [restartedMain] WARN  o.s.b.a.o.j.JpaBaseConfiguration$JpaWebConfiguration : spring.jpa.open-in-view is enabled by default. Therefore, database queries may be performed during view rendering. Explicitly configure spring.jpa.open-in-view to disable this warning
2023-03-28 15:12:19,916 [restartedMain] INFO  o.s.s.web.DefaultSecurityFilterChain          : Will secure any request with [org.springframework.security.web.session.DisableEncodeUrlFilter@195047f1, org.springframework.security.web.context.request.async.WebAsyncManagerIntegrationFilter@4fcf0cf, org.springframework.security.web.context.SecurityContextHolderFilter@5e2860e0, org.springframework.security.web.header.HeaderWriterFilter@5a05b494, org.springframework.web.filter.CorsFilter@6d7dbf3f, org.springframework.security.web.authentication.logout.LogoutFilter@29adfa3d, org.springframework.security.web.authentication.UsernamePasswordAuthenticationFilter@38e7500c, org.springframework.security.web.authentication.ui.DefaultLoginPageGeneratingFilter@34667b78, org.springframework.security.web.authentication.ui.DefaultLogoutPageGeneratingFilter@6f98e5ac, org.springframework.security.web.savedrequest.RequestCacheAwareFilter@7fc75749, org.springframework.security.web.servletapi.SecurityContextHolderAwareRequestFilter@4330d69e, org.springframework.security.web.authentication.AnonymousAuthenticationFilter@74ec5861, org.springframework.security.web.access.ExceptionTranslationFilter@18e495ea, org.springframework.security.web.access.intercept.AuthorizationFilter@7ed2f758]
2023-03-28 15:12:19,964 [restartedMain] INFO  o.s.b.d.a.OptionalLiveReloadServer            : LiveReload server is running on port 35729
2023-03-28 15:12:19,979 [restartedMain] INFO  o.s.b.w.embedded.tomcat.TomcatWebServer       : Tomcat started on port(s): 8080 (http) with context path ''
2023-03-28 15:12:19,984 [restartedMain] INFO  com.example.simple.BadmintonApplication       : Started BadmintonApplication in 0.7 seconds (process running for 875.667)
2023-03-28 15:12:19,984 [restartedMain] INFO  o.s.b.d.a.ConditionEvaluationDeltaLoggingListener : Condition evaluation unchanged
2023-03-28 15:13:25,978 [RMI TCP Connection(38)-127.0.0.1] INFO  o.s.b.a.SpringApplicationAdminMXBeanRegistrar$SpringApplicationAdmin : Application shutdown requested.
2023-03-28 15:13:25,993 [RMI TCP Connection(38)-127.0.0.1] INFO  o.apache.catalina.core.StandardService        : Stopping service [Tomcat]
2023-03-28 15:13:25,999 [RMI TCP Connection(38)-127.0.0.1] INFO  o.s.o.j.LocalContainerEntityManagerFactoryBean : Closing JPA EntityManagerFactory for persistence unit 'default'
2023-03-28 15:13:26,000 [RMI TCP Connection(38)-127.0.0.1] INFO  com.zaxxer.hikari.HikariDataSource            : HikariPool-5 - Shutdown initiated...
2023-03-28 15:13:26,001 [RMI TCP Connection(38)-127.0.0.1] INFO  com.zaxxer.hikari.HikariDataSource            : HikariPool-5 - Shutdown completed.
